<?xml version="1.0" encoding="UTF-8"?>
<testng-results ignored="0" total="1" passed="1" failed="0" skipped="0">
  <reporter-output>
  </reporter-output>
  <suite started-at="2021-07-27T09:36:55 IST" name="Suite" finished-at="2021-07-27T09:37:17 IST" duration-ms="22053">
    <groups>
    </groups>
    <test started-at="2021-07-27T09:36:55 IST" name="StandaloneWin10" finished-at="2021-07-27T09:37:17 IST" duration-ms="22053">
      <class name="com.wisefinch.java.TricentistestClass">
        <test-method is-config="true" signature="setup(java.lang.String, java.lang.String, java.lang.String)[pri:0, instance:com.wisefinch.java.TricentistestClass@303cf2ba]" started-at="2021-07-27T09:36:55 IST" name="setup" finished-at="2021-07-27T09:37:00 IST" duration-ms="4686" status="PASS">
          <params>
            <param index="0">
              <value>
                <![CDATA[opt platform]]>
              </value>
            </param>
            <param index="1">
              <value>
                <![CDATA[opt browser name]]>
              </value>
            </param>
            <param index="2">
              <value>
                <![CDATA[opt remoteurl]]>
              </value>
            </param>
          </params>
          <reporter-output>
          </reporter-output>
        </test-method> <!-- setup -->
        <test-method signature="validate_Tricentis_minimum_rev1(java.lang.String, java.lang.String, java.lang.String)[pri:0, instance:com.wisefinch.java.TricentistestClass@303cf2ba]" started-at="2021-07-27T09:37:00 IST" name="validate_Tricentis_minimum_rev1" finished-at="2021-07-27T09:37:12 IST" duration-ms="11425" status="PASS">
          <params>
            <param index="0">
              <value>
                <![CDATA[opt platform]]>
              </value>
            </param>
            <param index="1">
              <value>
                <![CDATA[opt browser name]]>
              </value>
            </param>
            <param index="2">
              <value>
                <![CDATA[opt remoteurl]]>
              </value>
            </param>
          </params>
          <reporter-output>
          </reporter-output>
        </test-method> <!-- validate_Tricentis_minimum_rev1 -->
        <test-method is-config="true" signature="wrapUp()[pri:0, instance:com.wisefinch.java.TricentistestClass@303cf2ba]" started-at="2021-07-27T09:37:12 IST" name="wrapUp" finished-at="2021-07-27T09:37:17 IST" duration-ms="5863" status="PASS">
          <reporter-output>
          </reporter-output>
        </test-method> <!-- wrapUp -->
      </class> <!-- com.wisefinch.java.TricentistestClass -->
    </test> <!-- StandaloneWin10 -->
  </suite> <!-- Suite -->
</testng-results>
